{"contracts/Activatable.sol":{"l":{"15":0,"16":0,"21":0,"22":0,"27":0,"28":0,"33":0,"34":0},"path":"/Users/yosuke.aramaki/Desktop/MyApps/myproject/contracts/Activatable.sol","s":{"1":0,"2":0,"3":0,"4":0,"5":0,"6":0},"b":{"1":[0,0],"2":[0,0]},"f":{"1":0,"2":0,"3":0,"4":0},"fnMap":{"1":{"name":"whenActive","line":14,"loc":{"start":{"line":14,"column":4},"end":{"line":14,"column":23}}},"2":{"name":"whenNotActive","line":20,"loc":{"start":{"line":20,"column":4},"end":{"line":20,"column":26}}},"3":{"name":"deactivate","line":26,"loc":{"start":{"line":26,"column":4},"end":{"line":26,"column":51}}},"4":{"name":"activate","line":32,"loc":{"start":{"line":32,"column":4},"end":{"line":32,"column":52}}}},"statementMap":{"1":{"start":{"line":15,"column":8},"end":{"line":15,"column":22}},"2":{"start":{"line":21,"column":8},"end":{"line":21,"column":23}},"3":{"start":{"line":27,"column":8},"end":{"line":27,"column":21}},"4":{"start":{"line":28,"column":8},"end":{"line":28,"column":35}},"5":{"start":{"line":33,"column":8},"end":{"line":33,"column":20}},"6":{"start":{"line":34,"column":8},"end":{"line":34,"column":33}}},"branchMap":{"1":{"line":15,"type":"if","locations":[{"start":{"line":15,"column":8},"end":{"line":15,"column":8}},{"start":{"line":15,"column":8},"end":{"line":15,"column":8}}]},"2":{"line":21,"type":"if","locations":[{"start":{"line":21,"column":8},"end":{"line":21,"column":8}},{"start":{"line":21,"column":8},"end":{"line":21,"column":8}}]}}},"contracts/Room.sol":{"l":{"29":1,"33":0,"34":0,"38":0,"39":0,"40":0,"41":0,"42":0,"44":0,"45":0,"46":0,"51":0,"53":0,"54":0,"55":0},"path":"/Users/yosuke.aramaki/Desktop/MyApps/myproject/contracts/Room.sol","s":{"1":1,"2":0,"3":0,"4":0,"5":0,"6":0,"7":0,"8":0,"9":0,"10":0,"11":0,"12":0,"13":0},"b":{"1":[0,0],"2":[0,0],"3":[0,0],"4":[0,0],"5":[0,0],"6":[0,0],"7":[0,0]},"f":{"1":1,"2":0,"3":0,"4":0},"fnMap":{"1":{"name":null,"line":28,"loc":{"start":{"line":28,"column":4},"end":{"line":28,"column":46}}},"2":{"name":"deposit","line":32,"loc":{"start":{"line":32,"column":4},"end":{"line":32,"column":51}}},"3":{"name":"sendReward","line":37,"loc":{"start":{"line":37,"column":4},"end":{"line":37,"column":85}}},"4":{"name":"refundToOwner","line":50,"loc":{"start":{"line":50,"column":4},"end":{"line":50,"column":59}}}},"statementMap":{"1":{"start":{"line":29,"column":8},"end":{"line":29,"column":23}},"2":{"start":{"line":33,"column":8},"end":{"line":33,"column":29}},"3":{"start":{"line":34,"column":8},"end":{"line":34,"column":45}},"4":{"start":{"line":38,"column":8},"end":{"line":38,"column":32}},"5":{"start":{"line":39,"column":8},"end":{"line":39,"column":27}},"6":{"start":{"line":40,"column":8},"end":{"line":40,"column":48}},"7":{"start":{"line":41,"column":8},"end":{"line":41,"column":35}},"8":{"start":{"line":42,"column":8},"end":{"line":42,"column":30}},"9":{"start":{"line":44,"column":8},"end":{"line":44,"column":29}},"10":{"start":{"line":46,"column":8},"end":{"line":46,"column":44}},"11":{"start":{"line":51,"column":8},"end":{"line":51,"column":41}},"12":{"start":{"line":53,"column":8},"end":{"line":53,"column":54}},"13":{"start":{"line":55,"column":8},"end":{"line":55,"column":57}}},"branchMap":{"1":{"line":33,"type":"if","locations":[{"start":{"line":33,"column":8},"end":{"line":33,"column":8}},{"start":{"line":33,"column":8},"end":{"line":33,"column":8}}]},"2":{"line":38,"type":"if","locations":[{"start":{"line":38,"column":8},"end":{"line":38,"column":8}},{"start":{"line":38,"column":8},"end":{"line":38,"column":8}}]},"3":{"line":39,"type":"if","locations":[{"start":{"line":39,"column":8},"end":{"line":39,"column":8}},{"start":{"line":39,"column":8},"end":{"line":39,"column":8}}]},"4":{"line":40,"type":"if","locations":[{"start":{"line":40,"column":8},"end":{"line":40,"column":8}},{"start":{"line":40,"column":8},"end":{"line":40,"column":8}}]},"5":{"line":41,"type":"if","locations":[{"start":{"line":41,"column":8},"end":{"line":41,"column":8}},{"start":{"line":41,"column":8},"end":{"line":41,"column":8}}]},"6":{"line":42,"type":"if","locations":[{"start":{"line":42,"column":8},"end":{"line":42,"column":8}},{"start":{"line":42,"column":8},"end":{"line":42,"column":8}}]},"7":{"line":51,"type":"if","locations":[{"start":{"line":51,"column":8},"end":{"line":51,"column":8}},{"start":{"line":51,"column":8},"end":{"line":51,"column":8}}]}}},"contracts/RoomFactory.sol":{"l":{"20":1,"21":1},"path":"/Users/yosuke.aramaki/Desktop/MyApps/myproject/contracts/RoomFactory.sol","s":{"1":1,"2":1},"b":{},"f":{"1":1},"fnMap":{"1":{"name":"createRoom","line":19,"loc":{"start":{"line":19,"column":4},"end":{"line":19,"column":54}}}},"statementMap":{"1":{"start":{"line":20,"column":8},"end":{"line":20,"column":64}},"2":{"start":{"line":21,"column":8},"end":{"line":21,"column":56}}},"branchMap":{}}}