TN:
SF:/Users/yosuke.aramaki/Desktop/MyApps/myproject/contracts/Activatable.sol
FN:14,whenActive
FN:20,whenNotActive
FN:26,deactivate
FN:32,activate
FNF:4
FNH:0
FNDA:0,whenActive
FNDA:0,whenNotActive
FNDA:0,deactivate
FNDA:0,activate
DA:15,0
DA:16,0
DA:21,0
DA:22,0
DA:27,0
DA:28,0
DA:33,0
DA:34,0
LF:8
LH:0
BRDA:15,1,0,0
BRDA:15,1,1,0
BRDA:21,2,0,0
BRDA:21,2,1,0
BRF:4
BRH:0
end_of_record
TN:
SF:/Users/yosuke.aramaki/Desktop/MyApps/myproject/contracts/Room.sol
FN:28,
FN:32,deposit
FN:37,sendReward
FN:50,refundToOwner
FNF:4
FNH:1
FNDA:1,
FNDA:0,deposit
FNDA:0,sendReward
FNDA:0,refundToOwner
DA:29,1
DA:33,0
DA:34,0
DA:38,0
DA:39,0
DA:40,0
DA:41,0
DA:42,0
DA:44,0
DA:45,0
DA:46,0
DA:51,0
DA:53,0
DA:54,0
DA:55,0
LF:15
LH:1
BRDA:33,1,0,0
BRDA:33,1,1,0
BRDA:38,2,0,0
BRDA:38,2,1,0
BRDA:39,3,0,0
BRDA:39,3,1,0
BRDA:40,4,0,0
BRDA:40,4,1,0
BRDA:41,5,0,0
BRDA:41,5,1,0
BRDA:42,6,0,0
BRDA:42,6,1,0
BRDA:51,7,0,0
BRDA:51,7,1,0
BRF:14
BRH:0
end_of_record
TN:
SF:/Users/yosuke.aramaki/Desktop/MyApps/myproject/contracts/RoomFactory.sol
FN:19,createRoom
FNF:1
FNH:1
FNDA:1,createRoom
DA:20,1
DA:21,1
LF:2
LH:2
BRF:0
BRH:0
end_of_record
